0 info it worked if it ends with ok
1 verbose cli [ '/usr/bin/nodejs', '/usr/local/bin/npm', 'run', 'watch' ]
2 info using npm@2.14.2
3 info using node@v5.11.1
4 verbose config Skipping project config: /home/buhrmi/.npmrc. (matches userconfig)
5 verbose stack Error: missing script: watch
5 verbose stack     at run (/usr/local/lib/node_modules/npm/lib/run-script.js:142:19)
5 verbose stack     at /usr/local/lib/node_modules/npm/lib/run-script.js:58:5
5 verbose stack     at /usr/local/lib/node_modules/npm/node_modules/read-package-json/read-json.js:345:5
5 verbose stack     at checkBinReferences_ (/usr/local/lib/node_modules/npm/node_modules/read-package-json/read-json.js:309:45)
5 verbose stack     at final (/usr/local/lib/node_modules/npm/node_modules/read-package-json/read-json.js:343:3)
5 verbose stack     at then (/usr/local/lib/node_modules/npm/node_modules/read-package-json/read-json.js:113:5)
5 verbose stack     at /usr/local/lib/node_modules/npm/node_modules/read-package-json/read-json.js:232:12
5 verbose stack     at tryToString (evalmachine.<anonymous>:414:3)
5 verbose stack     at FSReqWrap.readFileAfterClose [as oncomplete] (evalmachine.<anonymous>:401:12)
6 verbose cwd /home/buhrmi/hashgraph
7 error Linux 3.16.0-71-generic
8 error argv "/usr/bin/nodejs" "/usr/local/bin/npm" "run" "watch"
9 error node v5.11.1
10 error npm  v2.14.2
11 error missing script: watch
12 error If you need help, you may report this error at:
12 error     <https://github.com/npm/npm/issues>
13 verbose exit [ 1, true ]
